<?xml version="1.0" encoding="UTF-8"?>
<!-- Generated by org.testng.reporters.JUnitXMLReporter -->
<testsuite hostname="DESKTOP-OFC8VFN" ignored="0" name="Free CRM App Test Cases" tests="2" failures="0" timestamp="29 Sep 2019 08:16:54 GMT" time="39.042" errors="0">
  <testcase name="verifyClickOnContactsLabel" time="3.013" classname="com.crm.qa.testcases.ContactsPageTest"/>
  <testcase name="verifyClickOnNewContact" time="5.434" classname="com.crm.qa.testcases.ContactsPageTest"/>
</testsuite> <!-- Free CRM App Test Cases -->
