<?xml version="1.0" encoding="UTF-8"?>
<!-- Generated by org.testng.reporters.JUnitXMLReporter -->
<testsuite hostname="DESKTOP-OFC8VFN" ignored="0" name="Surefire test" tests="5" failures="0" timestamp="28 Sep 2019 13:14:08 GMT" time="102.451" errors="0">
  <testcase name="verifyHomePageTitleTest" time="0.019" classname="com.crm.qa.testcases.HomePageTest"/>
  <testcase name="validateTitleTest" time="0.017" classname="com.crm.qa.testcases.LoginPageTest"/>
  <testcase name="verifyUserNameTest" time="4.238" classname="com.crm.qa.testcases.HomePageTest"/>
  <testcase name="loginTest" time="1.018" classname="com.crm.qa.testcases.LoginPageTest"/>
  <testcase name="clickOnContactsLinkTest" time="3.273" classname="com.crm.qa.testcases.HomePageTest"/>
</testsuite> <!-- Surefire test -->
