<?xml version="1.0" encoding="UTF-8"?>
<!-- Generated by org.testng.reporters.JUnitXMLReporter -->
<testsuite hostname="DESKTOP-OFC8VFN" ignored="0" name="Surefire test" tests="5" failures="0" timestamp="28 Sep 2019 09:40:57 GMT" time="97.877" errors="0">
  <testcase name="verifyHomePageTitleTest" time="0.014" classname="com.crm.qa.testcases.HomePageTest"/>
  <testcase name="validateTitleTest" time="0.019" classname="com.crm.qa.testcases.LoginPageTest"/>
  <testcase name="verifyUserNameTest" time="3.264" classname="com.crm.qa.testcases.HomePageTest"/>
  <testcase name="loginTest" time="2.385" classname="com.crm.qa.testcases.LoginPageTest"/>
  <testcase name="clickOnContactsLinkTest" time="5.651" classname="com.crm.qa.testcases.HomePageTest"/>
</testsuite> <!-- Surefire test -->
