<?xml version="1.0" encoding="UTF-8"?>
<!-- Generated by org.testng.reporters.JUnitXMLReporter -->
<testsuite hostname="DESKTOP-OFC8VFN" ignored="0" name="Default test" tests="3" failures="0" timestamp="27 Sep 2019 11:57:11 GMT" time="57.553" errors="0">
  <testcase name="verifyHomePageTitleTest" time="0.025" classname="com.crm.qa.testcases.HomePageTest"/>
  <testcase name="verifyUserNameTest" time="2.942" classname="com.crm.qa.testcases.HomePageTest"/>
  <testcase name="clickOnContactsLinkTest" time="3.003" classname="com.crm.qa.testcases.HomePageTest"/>
</testsuite> <!-- Default test -->
