<?xml version="1.0" encoding="UTF-8"?>
<testng-results skipped="0" failed="0" ignored="0" total="1" passed="1">
  <reporter-output>
  </reporter-output>
  <suite name="Surefire suite" duration-ms="29590" started-at="2019-10-02T07:07:43Z" finished-at="2019-10-02T07:08:13Z">
    <groups>
    </groups>
    <test name="Surefire test" duration-ms="29590" started-at="2019-10-02T07:07:43Z" finished-at="2019-10-02T07:08:13Z">
      <class name="com.crm.qa.testcases.DealsPageTest">
        <test-method status="PASS" signature="setUp()[pri:0, instance:com.crm.qa.testcases.DealsPageTest@13a57a3b]" name="setUp" is-config="true" duration-ms="23963" started-at="2019-10-02T07:07:43Z" finished-at="2019-10-02T07:08:07Z">
          <reporter-output>
          </reporter-output>
        </test-method> <!-- setUp -->
        <test-method status="PASS" signature="verifyClickOnDealsTest()[pri:-1, instance:com.crm.qa.testcases.DealsPageTest@13a57a3b]" name="verifyClickOnDealsTest" duration-ms="4658" started-at="2019-10-02T07:08:07Z" finished-at="2019-10-02T07:08:12Z">
          <reporter-output>
          </reporter-output>
        </test-method> <!-- verifyClickOnDealsTest -->
        <test-method status="PASS" signature="tearDown()[pri:0, instance:com.crm.qa.testcases.DealsPageTest@13a57a3b]" name="tearDown" is-config="true" duration-ms="926" started-at="2019-10-02T07:08:12Z" finished-at="2019-10-02T07:08:13Z">
          <reporter-output>
          </reporter-output>
        </test-method> <!-- tearDown -->
      </class> <!-- com.crm.qa.testcases.DealsPageTest -->
    </test> <!-- Surefire test -->
  </suite> <!-- Surefire suite -->
</testng-results>
